<?xml version="1.0" encoding="UTF-8"?>
<Site BuildName="Linux-g++"
	BuildStamp="20250315-0337-Experimental"
	Name="DESKTOP-UJJ79K4"
	Generator="ctest-3.16.3"
	CompilerName="/usr/bin/g++"
	CompilerVersion="9.4.0"
	OSName="Linux"
	Hostname="DESKTOP-UJJ79K4"
	OSRelease="5.15.167.4-microsoft-standard-WSL2"
	OSVersion="#1 SMP Tue Nov 5 00:21:55 UTC 2024"
	OSPlatform="x86_64"
	Is64Bits="1"
	VendorString="GenuineIntel"
	VendorID="Intel Corporation"
	FamilyID="6"
	ModelID="140"
	ProcessorCacheSize="12288"
	NumberOfLogicalCPU="8"
	NumberOfPhysicalCPU="4"
	TotalVirtualMemory="2048"
	TotalPhysicalMemory="7736"
	LogicalProcessorsPerPhysical="2"
	ProcessorClockFrequency="2995.21"
	>
	<Testing>
		<StartDateTime>Mar 15 14:07 ACDT</StartDateTime>
		<StartTestTime>1742009840</StartTestTime>
		<TestList/>
		<EndDateTime>Mar 15 14:07 ACDT</EndDateTime>
		<EndTestTime>1742009840</EndTestTime>
		<ElapsedMinutes>0</ElapsedMinutes>
	</Testing>
</Site>
